Determining if the pthread_create exist failed with the following output:
Change Dir: /home/arvind/clover_hack_day/er1_robot/build/CMakeFiles/CMakeTmp

Run Build Command:/usr/bin/make "cmTryCompileExec2063729721/fast"
/usr/bin/make -f CMakeFiles/cmTryCompileExec2063729721.dir/build.make CMakeFiles/cmTryCompileExec2063729721.dir/build
make[1]: Entering directory `/home/arvind/clover_hack_day/er1_robot/build/CMakeFiles/CMakeTmp'
/usr/bin/cmake -E cmake_progress_report /home/arvind/clover_hack_day/er1_robot/build/CMakeFiles/CMakeTmp/CMakeFiles 1
Building C object CMakeFiles/cmTryCompileExec2063729721.dir/CheckSymbolExists.c.o
/usr/bin/cc    -o CMakeFiles/cmTryCompileExec2063729721.dir/CheckSymbolExists.c.o   -c /home/arvind/clover_hack_day/er1_robot/build/CMakeFiles/CMakeTmp/CheckSymbolExists.c
Linking C executable cmTryCompileExec2063729721
/usr/bin/cmake -E cmake_link_script CMakeFiles/cmTryCompileExec2063729721.dir/link.txt --verbose=1
/usr/bin/cc       CMakeFiles/cmTryCompileExec2063729721.dir/CheckSymbolExists.c.o  -o cmTryCompileExec2063729721 -rdynamic 
CMakeFiles/cmTryCompileExec2063729721.dir/CheckSymbolExists.c.o: In function `main':
CheckSymbolExists.c:(.text+0x16): undefined reference to `pthread_create'
collect2: error: ld returned 1 exit status
make[1]: *** [cmTryCompileExec2063729721] Error 1
make[1]: Leaving directory `/home/arvind/clover_hack_day/er1_robot/build/CMakeFiles/CMakeTmp'
make: *** [cmTryCompileExec2063729721/fast] Error 2

File /home/arvind/clover_hack_day/er1_robot/build/CMakeFiles/CMakeTmp/CheckSymbolExists.c:
/* */
#include <pthread.h>

int main(int argc, char** argv)
{
  (void)argv;
#ifndef pthread_create
  return ((int*)(&pthread_create))[argc];
#else
  (void)argc;
  return 0;
#endif
}

Determining if the function pthread_create exists in the pthreads failed with the following output:
Change Dir: /home/arvind/clover_hack_day/er1_robot/build/CMakeFiles/CMakeTmp

Run Build Command:/usr/bin/make "cmTryCompileExec3167401908/fast"
/usr/bin/make -f CMakeFiles/cmTryCompileExec3167401908.dir/build.make CMakeFiles/cmTryCompileExec3167401908.dir/build
make[1]: Entering directory `/home/arvind/clover_hack_day/er1_robot/build/CMakeFiles/CMakeTmp'
/usr/bin/cmake -E cmake_progress_report /home/arvind/clover_hack_day/er1_robot/build/CMakeFiles/CMakeTmp/CMakeFiles 1
Building C object CMakeFiles/cmTryCompileExec3167401908.dir/CheckFunctionExists.c.o
/usr/bin/cc   -DCHECK_FUNCTION_EXISTS=pthread_create   -o CMakeFiles/cmTryCompileExec3167401908.dir/CheckFunctionExists.c.o   -c /usr/share/cmake-2.8/Modules/CheckFunctionExists.c
Linking C executable cmTryCompileExec3167401908
/usr/bin/cmake -E cmake_link_script CMakeFiles/cmTryCompileExec3167401908.dir/link.txt --verbose=1
/usr/bin/cc   -DCHECK_FUNCTION_EXISTS=pthread_create    CMakeFiles/cmTryCompileExec3167401908.dir/CheckFunctionExists.c.o  -o cmTryCompileExec3167401908 -rdynamic -lpthreads 
/usr/bin/ld: cannot find -lpthreads
collect2: error: ld returned 1 exit status
make[1]: *** [cmTryCompileExec3167401908] Error 1
make[1]: Leaving directory `/home/arvind/clover_hack_day/er1_robot/build/CMakeFiles/CMakeTmp'
make: *** [cmTryCompileExec3167401908/fast] Error 2


